Invalid port. Exiting...
1623584883235	geckodriver	INFO	Listening on 127.0.0.1:53646
1623585495969	geckodriver	INFO	Listening on 127.0.0.1:52011
1623585498896	mozrunner::runner	INFO	Running command: "C:\\Program Files\\Mozilla Firefox\\firefox.exe" "--marionette" "-foreground" "-no-remote" "-profile" "C:\\Users\\Mohsin\\AppData\\Local\\Temp\\rust_mozprofileuOJjjw"
1623585501777	Marionette	INFO	Marionette enabled
console.warn: SearchSettings: "get: No settings file exists, new profile?" (new NotFoundError("Could not open the file at C:\\Users\\Mohsin\\AppData\\Local\\Temp\\rust_mozprofileuOJjjw\\search.json.mozlz4", (void 0)))
console.error: Region.jsm: "Error fetching region" (new AbortError("The operation was aborted. ", (void 0), 770))
console.error: Region.jsm: "Failed to fetch region" (new Error("NO_RESULT", "resource://gre/modules/Region.jsm", 419))
1623585517537	Marionette	INFO	Listening on port 52461
1623585518654	Marionette	WARN	TLS certificate errors will be ignored for this session
1623585527192	Marionette	WARN	TimedPromise timed out after 500 ms: stacktrace:
TimedPromise/<@chrome://marionette/content/sync.js:237:19
TimedPromise@chrome://marionette/content/sync.js:222:10
interaction.flushEventLoop@chrome://marionette/content/interaction.js:431:10
webdriverClickElement@chrome://marionette/content/interaction.js:179:31
[Parent 2228, IPC I/O Parent] WARNING: file /builds/worker/checkouts/gecko/ipc/chromium/src/base/process_util_win.cc:167
1623586256681	Marionette	INFO	Stopped listening on port 52461
m Files\\Mozilla Firefox\\firefox.exe" "--marionette" "-foreground" "-no-remote" "-profile" "C:\\Users\\Mohsin\\AppData\\Local\\Temp\\rust_mozprofileqLzO7m"
1623585854801	Marionette	INFO	Marionette enabled
console.warn: SearchSettings: "get: No settings file exists, new profile?" (new NotFoundError("Could not open the file at C:\\Users\\Mohsin\\AppData\\Local\\Temp\\rust_mozprofileqLzO7m\\search.json.mozlz4", (void 0)))
1623585860548	Marionette	INFO	Listening on port 61949
1623585861813	Marionette	WARN	TLS certificate errors will be ignored for this session
1623586130775	Marionette	INFO	Stopped listening on port 61949
1623586134287	geckodriver	INFO	Listening on 127.0.0.1:54132
1623586442489	geckodriver	INFO	Listening on 127.0.0.1:54413
1623586445526	mozrunner::runner	INFO	Running command: "C:\\Program Files\\Mozilla Firefox\\firefox.exe" "--marionette" "-foreground" "-no-remote" "-profile" "C:\\Users\\Mohsin\\AppData\\Local\\Temp\\rust_mozprofilevDlLiT"
1623586446892	Marionette	INFO	Marionette enabled
console.warn: SearchSettings: "get: No settings file exists, new profile?" (new NotFoundError("Could not open the file at C:\\Users\\Mohsin\\AppData\\Local\\Temp\\rust_mozprofilevDlLiT\\search.json.mozlz4", (void 0)))
1623586452349	Marionette	INFO	Listening on port 54424
1623586453541	Marionette	WARN	TLS certificate errors will be ignored for this session

###!!! [Parent][MessageChannel] Error: (msgtype=0x53000E,name=PGPU::Msg_NewContentCompositorManager) Channel error: cannot send/recv


###!!! [Parent][MessageChannel] Error: (msgtype=0x53000F,name=PGPU::Msg_NewContentImageBridge) Channel error: cannot send/recv


###!!! [Parent][MessageChannel] Error: (msgtype=0x530010,name=PGPU::Msg_NewContentVRManager) Channel error: cannot send/recv


###!!! [Parent][MessageChannel] Error: (msgtype=0x530011,name=PGPU::Msg_NewContentRemoteDecoderManager) Channel error: cannot send/recv


###!!! [Parent][MessageChannel] Error: (msgtype=0x390061,name=PContent::Msg_GMPsChanged) Channel error: cannot send/recv


###!!! [Parent][MessageChannel] Error: (msgtype=0x390061,name=PContent::Msg_GMPsChanged) Channel error: cannot send/recv


###!!! [Child][MessageChannel::SendAndWait] Error: (msgtype=0x36001E,name=PCompositorBridge::Msg_MapAndNotifyChildCreated) Channel error: cannot send/recv

A content process crashed and MOZ_CRASHREPORTER_SHUTDOWN is set, shutting down

###!!! [Parent][MessageChannel] Error: (msgtype=0x390089,name=PContent::Msg_FlushTabState) Channel error: cannot send/recv


###!!! [Parent][MessageChannel] Error: (msgtype=0x230001,name=PBrowser::Msg_AsyncMessage) Channel error: cannot send/recv


###!!! [Parent][MessageChannel] Error: (msgtype=0x390144,name=PContent::Msg_AsyncMessage) Channel error: cannot send/recv


###!!! [Parent][MessageChannel] Error: (msgtype=0x390144,name=PContent::Msg_AsyncMessage) Channel error: cannot send/recv


###!!! [Parent][MessageChannel] Error: (msgtype=0x390144,name=PContent::Msg_AsyncMessage) Channel error: cannot send/recv


###!!! [Parent][MessageChannel] Error: (msgtype=0x390144,name=PContent::Msg_AsyncMessage) Channel error: cannot send/recv


###!!! [Parent][MessageChannel] Error: (msgtype=0x390144,name=PContent::Msg_AsyncMessage) Channel error: cannot send/recv


###!!! [Parent][MessageChannel] Error: (msgtype=0x390144,name=PContent::Msg_AsyncMessage) Channel error: cannot send/recv


###!!! [Parent][MessageChannel] Error: (msgtype=0x390144,name=PContent::Msg_AsyncMessage) Channel error: cannot send/recv


###!!! [Parent][MessageChannel] Error: (msgtype=0x390144,name=PContent::Msg_AsyncMessage) Channel error: cannot send/recv


###!!! [Parent][MessageChannel] Error: (msgtype=0x390020,name=PContent::Msg_RegisterChromeItem) Channel error: cannot send/recv


###!!! [Parent][MessageChannel] Error: (msgtype=0x390020,name=PContent::Msg_RegisterChromeItem) Channel error: cannot send/recv


###!!! [Parent][MessageChannel] Error: (msgtype=0x390089,name=PContent::Msg_FlushTabState) Channel error: cannot send/recv


###!!! [Parent][MessageChannel] Error: (msgtype=0x230099,name=PBrowser::Msg_Destroy) Channel error: cannot send/recv


###!!! [Parent][MessageChannel] Error: (msgtype=0x390144,name=PContent::Msg_AsyncMessage) Channel error: cannot send/recv


###!!! [Parent][MessageChannel] Error: (msgtype=0x390144,name=PContent::Msg_AsyncMessage) Channel error: cannot send/recv


###!!! [Parent][MessageChannel] Error: (msgtype=0x390144,name=PContent::Msg_AsyncMessage) Channel error: cannot send/recv


###!!! [Parent][MessageChannel] Error: (msgtype=0x390144,name=PContent::Msg_AsyncMessage) Channel error: cannot send/recv


###!!! [Parent][MessageChannel] Error: (msgtype=0x390089,name=PContent::Msg_FlushTabState) Channel error: cannot send/recv


###!!! [Parent][MessageChannel] Error: (msgtype=0x230099,name=PBrowser::Msg_Destroy) Channel error: cannot send/recv


###!!! [Parent][MessageChannel] Error: (msgtype=0x390144,name=PContent::Msg_AsyncMessage) Channel error: cannot send/recv


###!!! [Parent][MessageChannel] Error: (msgtype=0x390144,name=PContent::Msg_AsyncMessage) Channel error: cannot send/recv


###!!! [Parent][MessageChannel] Error: (msgtype=0x390144,name=PContent::Msg_AsyncMessage) Channel error: cannot send/recv


###!!! [Parent][MessageChannel] Error: (msgtype=0x390144,name=PContent::Msg_AsyncMessage) Channel error: cannot send/recv


###!!! [Parent][MessageChannel] Error: (msgtype=0x390089,name=PContent::Msg_FlushTabState) Channel error: cannot send/recv


###!!! [Parent][MessageChannel] Error: (msgtype=0x230099,name=PBrowser::Msg_Destroy) Channel error: cannot send/recv


###!!! [Parent][MessageChannel] Error: (msgtype=0x390144,name=PContent::Msg_AsyncMessage) Channel error: cannot send/recv


###!!! [Parent][MessageChannel] Error: (msgtype=0x390144,name=PContent::Msg_AsyncMessage) Channel error: cannot send/recv


###!!! [Parent][MessageChannel] Error: (msgtype=0x390144,name=PContent::Msg_AsyncMessage) Channel error: cannot send/recv


###!!! [Parent][MessageChannel] Error: (msgtype=0x390144,name=PContent::Msg_AsyncMessage) Channel error: cannot send/recv


###!!! [Parent][MessageChannel] Error: (msgtype=0x390144,name=PContent::Msg_AsyncMessage) Channel error: cannot send/recv


###!!! [Parent][MessageChannel] Error: (msgtype=0x390144,name=PContent::Msg_AsyncMessage) Channel error: cannot send/recv


###!!! [Parent][MessageChannel] Error: (msgtype=0x390144,name=PContent::Msg_AsyncMessage) Channel error: cannot send/recv


###!!! [Parent][MessageChannel] Error: (msgtype=0x390144,name=PContent::Msg_AsyncMessage) Channel error: cannot send/recv


###!!! [Parent][MessageChannel] Error: (msgtype=0x390089,name=PContent::Msg_FlushTabState) Channel error: cannot send/recv


###!!! [Parent][MessageChannel] Error: (msgtype=0x230099,name=PBrowser::Msg_Destroy) Channel error: cannot send/recv


###!!! [Parent][MessageChannel] Error: (msgtype=0x390144,name=PContent::Msg_AsyncMessage) Channel error: cannot send/recv


###!!! [Parent][MessageChannel] Error: (msgtype=0x390144,name=PContent::Msg_AsyncMessage) Channel error: cannot send/recv


###!!! [Parent][MessageChannel] Error: (msgtype=0x390144,name=PContent::Msg_AsyncMessage) Channel error: cannot send/recv


###!!! [Parent][MessageChannel] Error: (msgtype=0x390144,name=PContent::Msg_AsyncMessage) Channel error: cannot send/recv


###!!! [Parent][MessageChannel] Error: (msgtype=0x390144,name=PContent::Msg_AsyncMessage) Channel error: cannot send/recv


###!!! [Parent][MessageChannel] Error: (msgtype=0x390144,name=PContent::Msg_AsyncMessage) Channel error: cannot send/recv


###!!! [Parent][MessageChannel] Error: (msgtype=0x390144,name=PContent::Msg_AsyncMessage) Channel error: cannot send/recv


###!!! [Parent][MessageChannel] Error: (msgtype=0x390144,name=PContent::Msg_AsyncMessage) Channel error: cannot send/recv


###!!! [Parent][MessageChannel] Error: (msgtype=0x390144,name=PContent::Msg_AsyncMessage) Channel error: cannot send/recv


###!!! [Parent][MessageChannel] Error: (msgtype=0x390144,name=PContent::Msg_AsyncMessage) Channel error: cannot send/recv


###!!! [Parent][MessageChannel] Error: (msgtype=0x390144,name=PContent::Msg_AsyncMessage) Channel error: cannot send/recv


###!!! [Parent][MessageChannel] Error: (msgtype=0x390144,name=PContent::Msg_AsyncMessage) Channel error: cannot send/recv


###!!! [Parent][MessageChannel] Error: (msgtype=0x390144,name=PContent::Msg_AsyncMessage) Channel error: cannot send/recv


###!!! [Parent][MessageChannel] Error: (msgtype=0x390144,name=PContent::Msg_AsyncMessage) Channel error: cannot send/recv


###!!! [Parent][MessageChannel] Error: (msgtype=0x390144,name=PContent::Msg_AsyncMessage) Channel error: cannot send/recv


###!!! [Parent][MessageChannel] Error: (msgtype=0x390144,name=PContent::Msg_AsyncMessage) Channel error: cannot send/recv


###!!! [Parent][MessageChannel] Error: (msgtype=0x390144,name=PContent::Msg_AsyncMessage) Channel error: cannot send/recv


###!!! [Parent][MessageChannel] Error: (msgtype=0x390144,name=PContent::Msg_AsyncMessage) Channel error: cannot send/recv


###!!! [Parent][MessageChannel] Error: (msgtype=0x390144,name=PContent::Msg_AsyncMessage) Channel error: cannot send/recv


###!!! [Parent][MessageChannel] Error: (msgtype=0x390144,name=PContent::Msg_AsyncMessage) Channel error: cannot send/recv


###!!! [Parent][MessageChannel] Error: (msgtype=0x390144,name=PContent::Msg_AsyncMessage) Channel error: cannot send/recv


###!!! [Parent][MessageChannel] Error: (msgtype=0x390144,name=PContent::Msg_AsyncMessage) Channel error: cannot send/recv


###!!! [Parent][MessageChannel] Error: (msgtype=0x530014,name=PGPU::Msg_RemoveLayerTreeIdMapping) Channel error: cannot send/recv

JavaScript error: resource:///modules/sessionstore/SessionStore.jsm, line 2128: TypeError: subject.QueryInterface is not a function

###!!! [Parent][MessageChannel] Error: (msgtype=0x530014,name=PGPU::Msg_RemoveLayerTreeIdMapping) Channel error: cannot send/recv

JavaScript error: resource:///modules/sessionstore/SessionStore.jsm, line 2128: TypeError: subject.QueryInterface is not a function

###!!! [Parent][MessageChannel] Error: (msgtype=0x530014,name=PGPU::Msg_RemoveLayerTreeIdMapping) Channel error: cannot send/recv

JavaScript error: resource:///modules/sessionstore/SessionStore.jsm, line 2128: TypeError: subject.QueryInterface is not a function

###!!! [Parent][MessageChannel] Error: (msgtype=0x530014,name=PGPU::Msg_RemoveLayerTreeIdMapping) Channel error: cannot send/recv

JavaScript error: resource:///modules/sessionstore/SessionStore.jsm, line 2128: TypeError: subject.QueryInterface is not a function
A content process crashed and MOZ_CRASHREPORTER_SHUTDOWN is set, shutting down
[Child 5492, Main Thread] WARNING: failed to create pipe: 2: file /builds/worker/checkouts/gecko/ipc/chromium/src/chrome/common/ipc_channel_win.cc:238

###!!! [Child][MessageChannel] Error: (msgtype=0x370001,name=PCompositorManager::Msg_PCompositorBridgeConstructor) Channel error: cannot send/recv

[Child 5492, Main Thread] WARNING: failed to create pipe: 2: file /builds/worker/checkouts/gecko/ipc/chromium/src/chrome/common/ipc_channel_win.cc:238
[Child 5492, RemVidChild] WARNING: failed to create pipe: 2: file /builds/worker/checkouts/gecko/ipc/chromium/src/chrome/common/ipc_channel_win.cc:238
[Child 5492, ImageBridgeChld] WARNING: failed to create pipe: 2: file /builds/worker/checkouts/gecko/ipc/chromium/src/chrome/common/ipc_channel_win.cc:238

###!!! [Parent][MessageChannel] Error: (msgtype=0x390143,name=PContent::Msg_CommitBrowsingContextTransaction) Channel error: cannot send/recv

[GFX1-]: Receive IPC close with reason=AbnormalShutdown

###!!! [Child][MessageChannel] Error: (msgtype=0x960003,name=PTexture::Msg_Destroy) Channel error: cannot send/recv


###!!! [Child][MessageChannel] Error: (msgtype=0x960003,name=PTexture::Msg_Destroy) Channel error: cannot send/recv


###!!! [Child][MessageChannel] Error: (msgtype=0xAA0004,name=PWebRenderBridge::Msg_ReleaseCompositable) Channel error: cannot send/recv


###!!! [Parent][MessageChannel] Error: (msgtype=0x390089,name=PContent::Msg_FlushTabState) Channel error: cannot send/recv


###!!! [Parent][MessageChannel] Error: (msgtype=0x230099,name=PBrowser::Msg_Destroy) Channel error: cannot send/recv


###!!! [Child][MessageChannel] Error: (msgtype=0xAA0026,name=PWebRenderBridge::Msg_Shutdown) Channel error: cannot send/recv


###!!! [Parent][MessageChannel] Error: (msgtype=0x20012,name=PAPZInputBridge::Msg___delete__) Channel error: cannot send/recv


###!!! [Child][MessageChannel] Error: (msgtype=0x960003,name=PTexture::Msg_Destroy) Channel error: cannot send/recv


###!!! [Child][MessageChannel] Error: (msgtype=0xD,name=PAPZ::Msg_Destroy) Channel error: cannot send/recv


###!!! [Child][MessageChannel::SendAndWait] Error: (msgtype=0x360015,name=PCompositorBridge::Msg_WillClose) Channel error: cannot send/recv


###!!! [Parent][MessageChannel] Error: (msgtype=0x530014,name=PGPU::Msg_RemoveLayerTreeIdMapping) Channel error: cannot send/recv

JavaScript error: resource:///modules/sessionstore/SessionStore.jsm, line 2128: TypeError: subject.QueryInterface is not a function
A content process crashed and MOZ_CRASHREPORTER_SHUTDOWN is set, shutting down

###!!! [Child][MessageChannel] Error: (msgtype=0xAA0026,name=PWebRenderBridge::Msg_Shutdown) Channel error: cannot send/recv


###!!! [Child][MessageChannel::SendAndWait] Error: (msgtype=0x360015,name=PCompositorBridge::Msg_WillClose) Channel error: cannot send/recv

[GFX1-]: Receive IPC close with reason=AbnormalShutdown
[GFX1-]: Receive IPC close with reason=AbnormalShutdown
[Parent 2328, IPC I/O Parent] WARNING: file /builds/worker/checkouts/gecko/ipc/chromium/src/base/process_util_win.cc:167
[Parent 2328, IPC I/O Parent] WARNING: file /builds/worker/checkouts/gecko/ipc/chromium/src/base/process_util_win.cc:167
[Parent 2328, IPC I/O Parent] WARNING: file /builds/worker/checkouts/gecko/ipc/chromium/src/base/process_util_win.cc:167
[GFX1-]: shader-cache: Timed out before finishing loads
[2021-06-13T13:14:47Z ERROR webrender_bindings::program_cache] shader-cache: Timed out before finishing loads
1623590088657	Marionette	INFO	Stopped listening on port 54424
ed and MOZ_CRASHREPORTER_SHUTDOWN is set, shutting down
1623590301505	geckodriver	INFO	Listening on 127.0.0.1:55741
1623590304431	mozrunner::runner	INFO	Running command: "C:\\Program Files\\Mozilla Firefox\\firefox.exe" "--marionette" "-foreground" "-no-remote" "-profile" "C:\\Users\\Mohsin\\AppData\\Local\\Temp\\rust_mozprofile5AL7FU"
1623590305871	Marionette	INFO	Marionette enabled
console.warn: SearchSettings: "get: No settings file exists, new profile?" (new NotFoundError("Could not open the file at C:\\Users\\Mohsin\\AppData\\Local\\Temp\\rust_mozprofile5AL7FU\\search.json.mozlz4", (void 0)))
1623590313031	Marionette	INFO	Listening on port 55750
1623590313491	Marionette	WARN	TLS certificate errors will be ignored for this session
JavaScript error: resource://gre/modules/AsyncShutdown.jsm, line 575: NotFoundError: No such JSWindowActor 'MarionetteEvents'
JavaScript error: resource://gre/modules/AsyncShutdown.jsm, line 575: NotFoundError: No such JSWindowActor 'MarionetteEvents'
JavaScript error: resource://gre/modules/AsyncShutdown.jsm, line 575: NotFoundError: No such JSWindowActor 'MarionetteEvents'
JavaScript error: resource://gre/modules/AsyncShutdown.jsm, line 575: NotFoundError: No such JSWindowActor 'MarionetteEvents'
1623590328520	Marionette	INFO	Stopped listening on port 55750
1623688112485	geckodriver	INFO	Listening on 127.0.0.1:49409
1623688115545	mozrunner::runner	INFO	Running command: "C:\\Program Files\\Mozilla Firefox\\firefox.exe" "--marionette" "-foreground" "-no-remote" "-profile" "C:\\Users\\Mohsin\\AppData\\Local\\Temp\\rust_mozprofile8S2m3w"
1623688127306	Marionette	INFO	Marionette enabled
1623688154846	geckodriver	INFO	Listening on 127.0.0.1:57396
1623688157930	mozrunner::runner	INFO	Running command: "C:\\Program Files\\Mozilla Firefox\\firefox.exe" "--marionette" "-foreground" "-no-remote" "-profile" "C:\\Users\\Mohsin\\AppData\\Local\\Temp\\rust_mozprofilel3dQcb"
1623688159199	Marionette	INFO	Marionette enabled
console.warn: SearchSettings: "get: No settings file exists, new profile?" (new NotFoundError("Could not open the file at C:\\Users\\Mohsin\\AppData\\Local\\Temp\\rust_mozprofilel3dQcb\\search.json.mozlz4", (void 0)))
console.error: Region.jsm: "Error fetching region" (new Error("TIMEOUT", "resource://gre/modules/Region.jsm", 772))
console.error: Region.jsm: "Failed to fetch region" (new Error("TIMEOUT", "resource://gre/modules/Region.jsm", 419))
1623688188758	Marionette	INFO	Listening on port 57406
1623688189567	Marionette	WARN	TLS certificate errors will be ignored for this session
[Parent 1952, IPC I/O Parent] WARNING: file /builds/worker/checkouts/gecko/ipc/chromium/src/base/process_util_win.cc:167
1623688248328	geckodriver	INFO	Listening on 127.0.0.1:60896
1623688251361	mozrunner::runner	INFO	Running command: "C:\\Program Files\\Mozilla Firefox\\firefox.exe" "--marionette" "-foreground" "-no-remote" "-profile" "C:\\Users\\Mohsin\\AppData\\Local\\Temp\\rust_mozprofileNK4EdU"
1623688254832	Marionette	INFO	Marionette enabled
JavaScript error: resource:///modules/UrlbarInput.jsm, line 2952: TypeError: event.target.closest is not a function
console.warn: SearchSettings: "get: No settings file exists, new profile?" (new NotFoundError("Could not open the file at C:\\Users\\Mohsin\\AppData\\Local\\Temp\\rust_mozprofileNK4EdU\\search.json.mozlz4", (void 0)))
console.error: Region.jsm: "Error fetching region" (new Error("TIMEOUT", "resource://gre/modules/Region.jsm", 772))
console.error: Region.jsm: "Failed to fetch region" (new Error("TIMEOUT", "resource://gre/modules/Region.jsm", 419))
[Parent 12564, IPC I/O Parent] WARNING: file /builds/worker/checkouts/gecko/ipc/chromium/src/base/process_util_win.cc:167
1623688275693	Marionette	INFO	Listening on port 60906
1623688276288	Marionette	WARN	TLS certificate errors will be ignored for this session
1623688511746	geckodriver	INFO	Listening on 127.0.0.1:59244
1623688514792	mozrunner::runner	INFO	Running command: "C:\\Program Files\\Mozilla Firefox\\firefox.exe" "--marionette" "-foreground" "-no-remote" "-profile" "C:\\Users\\Mohsin\\AppData\\Local\\Temp\\rust_mozprofileQ5sEDb"
1623688516213	Marionette	INFO	Marionette enabled
console.warn: SearchSettings: "get: No settings file exists, new profile?" (new NotFoundError("Could not open the file at C:\\Users\\Mohsin\\AppData\\Local\\Temp\\rust_mozprofileQ5sEDb\\search.json.mozlz4", (void 0)))
1623688522027	Marionette	INFO	Listening on port 59253
1623688523292	Marionette	WARN	TLS certificate errors will be ignored for this session
1623688644232	geckodriver	INFO	Listening on 127.0.0.1:50707
1623688647294	mozrunner::runner	INFO	Running command: "C:\\Program Files\\Mozilla Firefox\\firefox.exe" "--marionette" "-foreground" "-no-remote" "-profile" "C:\\Users\\Mohsin\\AppData\\Local\\Temp\\rust_mozprofileFsM503"
1623688648166	Marionette	INFO	Marionette enabled
console.warn: SearchSettings: "get: No settings file exists, new profile?" (new NotFoundError("Could not open the file at C:\\Users\\Mohsin\\AppData\\Local\\Temp\\rust_mozprofileFsM503\\search.json.mozlz4", (void 0)))
1623688654368	Marionette	INFO	Listening on port 65257
1623688655729	Marionette	WARN	TLS certificate errors will be ignored for this session
A content process crashed and MOZ_CRASHREPORTER_SHUTDOWN is set, shutting down

###!!! [Parent][MessageChannel] Error: (msgtype=0x39004F,name=PContent::Msg_NotifyProcessPriorityChanged) Channel error: cannot send/recv

1623688675084	geckodriver	INFO	Listening on 127.0.0.1:65359
1623688678154	mozrunner::runner	INFO	Running command: "C:\\Program Files\\Mozilla Firefox\\firefox.exe" "--marionette" "-foreground" "-no-remote" "-profile" "C:\\Users\\Mohsin\\AppData\\Local\\Temp\\rust_mozprofilezzIw0k"
1623688679013	Marionette	INFO	Marionette enabled
console.warn: SearchSettings: "get: No settings file exists, new profile?" (new NotFoundError("Could not open the file at C:\\Users\\Mohsin\\AppData\\Local\\Temp\\rust_mozprofilezzIw0k\\search.json.mozlz4", (void 0)))
1623688684390	Marionette	INFO	Listening on port 65368
1623688685210	Marionette	WARN	TLS certificate errors will be ignored for this session
1623690395484	Marionette	INFO	Stopped listening on port 65368
1623690621677	geckodriver	INFO	Listening on 127.0.0.1:49884
1623690641279	geckodriver	INFO	Listening on 127.0.0.1:49898
1623690644346	mozrunner::runner	INFO	Running command: "C:\\Program Files\\Mozilla Firefox\\firefox.exe" "--marionette" "-foreground" "-no-remote" "-profile" "C:\\Users\\Mohsin\\AppData\\Local\\Temp\\rust_mozprofileo3f6Gg"
1623690645711	Marionette	INFO	Marionette enabled
console.warn: SearchSettings: "get: No settings file exists, new profile?" (new NotFoundError("Could not open the file at C:\\Users\\Mohsin\\AppData\\Local\\Temp\\rust_mozprofileo3f6Gg\\search.json.mozlz4", (void 0)))
console.error: Region.jsm: "Error fetching region" (new Error("TIMEOUT", "resource://gre/modules/Region.jsm", 772))
console.error: Region.jsm: "Failed to fetch region" (new Error("TIMEOUT", "resource://gre/modules/Region.jsm", 419))
1623690657562	Marionette	INFO	Listening on port 49908
1623690658771	Marionette	WARN	TLS certificate errors will be ignored for this session
1623690683543	geckodriver	INFO	Listening on 127.0.0.1:52155
1623690686642	mozrunner::runner	INFO	Running command: "C:\\Program Files\\Mozilla Firefox\\firefox.exe" "--marionette" "-foreground" "-no-remote" "-profile" "C:\\Users\\Mohsin\\AppData\\Local\\Temp\\rust_mozprofileHbAotH"
1623690687743	Marionette	INFO	Marionette enabled
console.warn: SearchSettings: "get: No settings file exists, new profile?" (new NotFoundError("Could not open the file at C:\\Users\\Mohsin\\AppData\\Local\\Temp\\rust_mozprofileHbAotH\\search.json.mozlz4", (void 0)))
1623690693575	Marionette	INFO	Listening on port 52167
1623690694432	Marionette	WARN	TLS certificate errors will be ignored for this session
1623692764842	Marionette	INFO	Stopped listening on port 52167
1623693012484	geckodriver	INFO	Listening on 127.0.0.1:64000
1623693015501	mozrunner::runner	INFO	Running command: "C:\\Program Files\\Mozilla Firefox\\firefox.exe" "--marionette" "-foreground" "-no-remote" "-profile" "C:\\Users\\Mohsin\\AppData\\Local\\Temp\\rust_mozprofileqrTvpy"
1623693017196	Marionette	INFO	Marionette enabled
console.warn: SearchSettings: "get: No settings file exists, new profile?" (new NotFoundError("Could not open the file at C:\\Users\\Mohsin\\AppData\\Local\\Temp\\rust_mozprofileqrTvpy\\search.json.mozlz4", (void 0)))
1623693023722	Marionette	INFO	Listening on port 64011
1623693024531	Marionette	WARN	TLS certificate errors will be ignored for this session
A content process crashed and MOZ_CRASHREPORTER_SHUTDOWN is set, shutting down

###!!! [Parent][MessageChannel] Error: (msgtype=0x390144,name=PContent::Msg_AsyncMessage) Channel error: cannot send/recv

A content process crashed and MOZ_CRASHREPORTER_SHUTDOWN is set, shutting down
JavaScript error: chrome://global/content/elements/browser-custom-element.js, line 1659: Error: permitUnload is already running for this tab.

###!!! [Parent][MessageChannel] Error: (msgtype=0x390089,name=PContent::Msg_FlushTabState) Channel error: cannot send/recv


###!!! [Parent][MessageChannel] Error: (msgtype=0x230001,name=PBrowser::Msg_AsyncMessage) Channel error: cannot send/recv


###!!! [Parent][MessageChannel] Error: (msgtype=0x390144,name=PContent::Msg_AsyncMessage) Channel error: cannot send/recv


###!!! [Parent][MessageChannel] Error: (msgtype=0x390144,name=PContent::Msg_AsyncMessage) Channel error: cannot send/recv


###!!! [Parent][MessageChannel] Error: (msgtype=0x390144,name=PContent::Msg_AsyncMessage) Channel error: cannot send/recv


###!!! [Parent][MessageChannel] Error: (msgtype=0x390020,name=PContent::Msg_RegisterChromeItem) Channel error: cannot send/recv


###!!! [Parent][MessageChannel] Error: (msgtype=0x390144,name=PContent::Msg_AsyncMessage) Channel error: cannot send/recv


###!!! [Parent][MessageChannel] Error: (msgtype=0x390144,name=PContent::Msg_AsyncMessage) Channel error: cannot send/recv


###!!! [Parent][MessageChannel] Error: (msgtype=0x390144,name=PContent::Msg_AsyncMessage) Channel error: cannot send/recv


###!!! [Parent][MessageChannel] Error: (msgtype=0x390144,name=PContent::Msg_AsyncMessage) Channel error: cannot send/recv


###!!! [Parent][MessageChannel] Error: (msgtype=0x390144,name=PContent::Msg_AsyncMessage) Channel error: cannot send/recv


###!!! [Parent][MessageChannel] Error: (msgtype=0x390144,name=PContent::Msg_AsyncMessage) Channel error: cannot send/recv


###!!! [Parent][MessageChannel] Error: (msgtype=0x390144,name=PContent::Msg_AsyncMessage) Channel error: cannot send/recv


###!!! [Parent][MessageChannel] Error: (msgtype=0x390144,name=PContent::Msg_AsyncMessage) Channel error: cannot send/recv


###!!! [Parent][MessageChannel] Error: (msgtype=0x390144,name=PContent::Msg_AsyncMessage) Channel error: cannot send/recv


###!!! [Parent][MessageChannel] Error: (msgtype=0x390144,name=PContent::Msg_AsyncMessage) Channel error: cannot send/recv


###!!! [Parent][MessageChannel] Error: (msgtype=0x390144,name=PContent::Msg_AsyncMessage) Channel error: cannot send/recv


###!!! [Parent][MessageChannel] Error: (msgtype=0x390144,name=PContent::Msg_AsyncMessage) Channel error: cannot send/recv


###!!! [Parent][MessageChannel] Error: (msgtype=0x390144,name=PContent::Msg_AsyncMessage) Channel error: cannot send/recv


###!!! [Parent][MessageChannel] Error: (msgtype=0x390144,name=PContent::Msg_AsyncMessage) Channel error: cannot send/recv


###!!! [Parent][MessageChannel] Error: (msgtype=0x390144,name=PContent::Msg_AsyncMessage) Channel error: cannot send/recv


###!!! [Parent][MessageChannel] Error: (msgtype=0x390144,name=PContent::Msg_AsyncMessage) Channel error: cannot send/recv


###!!! [Parent][MessageChannel] Error: (msgtype=0x390144,name=PContent::Msg_AsyncMessage) Channel error: cannot send/recv


###!!! [Parent][MessageChannel] Error: (msgtype=0x390144,name=PContent::Msg_AsyncMessage) Channel error: cannot send/recv


###!!! [Parent][MessageChannel] Error: (msgtype=0x390144,name=PContent::Msg_AsyncMessage) Channel error: cannot send/recv

JavaScript error: resource:///modules/sessionstore/SessionStore.jsm, line 2128: TypeError: subject.QueryInterface is not a function
1623693074511	geckodriver	INFO	Listening on 127.0.0.1:53021
1623693077599	mozrunner::runner	INFO	Running command: "C:\\Program Files\\Mozilla Firefox\\firefox.exe" "--marionette" "-foreground" "-no-remote" "-profile" "C:\\Users\\Mohsin\\AppData\\Local\\Temp\\rust_mozprofilejAW43h"
1623693079162	Marionette	INFO	Marionette enabled
console.warn: SearchSettings: "get: No settings file exists, new profile?" (new NotFoundError("Could not open the file at C:\\Users\\Mohsin\\AppData\\Local\\Temp\\rust_mozprofilejAW43h\\search.json.mozlz4", (void 0)))
1623693084652	Marionette	INFO	Listening on port 53032
1623693087292	Marionette	WARN	TLS certificate errors will be ignored for this session

###!!! [Child][RunMessage] Error: Channel closing: too late to send/recv, messages will be lost


###!!! [Child][RunMessage] Error: Channel closing: too late to send/recv, messages will be lost


###!!! [Child][RunMessage] Error: Channel closing: too late to send/recv, messages will be lost


###!!! [Child][MessageChannel] Error: (msgtype=0x390141,name=PContent::Msg_ScriptError) Channel closing: too late to send/recv, messages will be lost


###!!! [Child][MessageChannel] Error: (msgtype=0xAB0006,name=PWebSocket::Msg_DeleteSelf) Channel closing: too late to send/recv, messages will be lost

1623693258177	Marionette	INFO	Stopped listening on port 53032

###!!! [Child][RunMessage] Error: Channel closing: too late to send/recv, messages will be lost

1623693625707	geckodriver	INFO	Listening on 127.0.0.1:61491
1623693628754	mozrunner::runner	INFO	Running command: "C:\\Program Files\\Mozilla Firefox\\firefox.exe" "--marionette" "-foreground" "-no-remote" "-profile" "C:\\Users\\Mohsin\\AppData\\Local\\Temp\\rust_mozprofiler8bdfO"
1623693629904	Marionette	INFO	Marionette enabled
console.warn: SearchSettings: "get: No settings file exists, new profile?" (new NotFoundError("Could not open the file at C:\\Users\\Mohsin\\AppData\\Local\\Temp\\rust_mozprofiler8bdfO\\search.json.mozlz4", (void 0)))
1623693637380	Marionette	INFO	Listening on port 61501
1623693638241	Marionette	WARN	TLS certificate errors will be ignored for this session
A content process crashed and MOZ_CRASHREPORTER_SHUTDOWN is set, shutting down

###!!! [Parent][MessageChannel] Error: (msgtype=0x390061,name=PContent::Msg_GMPsChanged) Channel error: cannot send/recv

1623693702793	geckodriver	INFO	Listening on 127.0.0.1:58116
1623693705858	mozrunner::runner	INFO	Running command: "C:\\Program Files\\Mozilla Firefox\\firefox.exe" "--marionette" "-foreground" "-no-remote" "-profile" "C:\\Users\\Mohsin\\AppData\\Local\\Temp\\rust_mozprofileJc0ODq"
1623693707061	Marionette	INFO	Marionette enabled
console.warn: SearchSettings: "get: No settings file exists, new profile?" (new NotFoundError("Could not open the file at C:\\Users\\Mohsin\\AppData\\Local\\Temp\\rust_mozprofileJc0ODq\\search.json.mozlz4", (void 0)))
1623693712632	Marionette	INFO	Listening on port 58127
1623693713452	Marionette	WARN	TLS certificate errors will be ignored for this session
1623695599675	Marionette	WARN	TimedPromise timed out after 500 ms: stacktrace:
TimedPromise/<@chrome://marionette/content/sync.js:237:19
TimedPromise@chrome://marionette/content/sync.js:222:10
interaction.flushEventLoop@chrome://marionette/content/interaction.js:431:10
webdriverClickElement@chrome://marionette/content/interaction.js:179:31
JavaScript error: resource://gre/actors/AutoCompleteParent.jsm, line 193: InvalidStateError: JSWindowActorParent.sendAsyncMessage: JSWindowActorParent cannot send at the moment
JavaScript error: resource://gre/actors/AutoCompleteParent.jsm, line 207: InvalidStateError: JSWindowActorParent.sendAsyncMessage: JSWindowActorParent cannot send at the moment
[Parent 14112, IPC I/O Parent] WARNING: file /builds/worker/checkouts/gecko/ipc/chromium/src/base/process_util_win.cc:167
1623696424546	Marionette	INFO	Stopped listening on port 58127
1624037487725	geckodriver	INFO	Listening on 127.0.0.1:61007
1624037490835	mozrunner::runner	INFO	Running command: "C:\\Program Files\\Mozilla Firefox\\firefox.exe" "--marionette" "-foreground" "-no-remote" "-profile" "C:\\Users\\Mohsin\\AppData\\Local\\Temp\\rust_mozprofileytwg0B"
1624037502869	Marionette	INFO	Marionette enabled
[GFX1-]: RcANGLE(no compositor window)
[GFX1-]: Failed to connect WebRenderBridgeChild.
[GFX1-]: Fallback WR to SW-WR
[GFX1-]: [D3D11] create swap chain failed: 0x887a0022, 0
[GFX1-]: Failed to initialize CompositorD3D11 for SWGL: FEATURE_FAILURE_D3D11_SWAP_CHAIN
console.warn: SearchSettings: "get: No settings file exists, new profile?" (new NotFoundError("Could not open the file at C:\\Users\\Mohsin\\AppData\\Local\\Temp\\rust_mozprofileytwg0B\\search.json.mozlz4", (void 0)))
[GFX1-]: [D3D11] create swap chain failed: 0x887a0022, 0
[GFX1-]: Failed to initialize CompositorD3D11 for SWGL: FEATURE_FAILURE_D3D11_SWAP_CHAIN
console.error: Region.jsm: "Error fetching region" (new Error("TIMEOUT", "resource://gre/modules/Region.jsm", 772))
console.error: Region.jsm: "Failed to fetch region" (new Error("TIMEOUT", "resource://gre/modules/Region.jsm", 419))
1624037534080	Marionette	INFO	Listening on port 61017
1624037534798	Marionette	WARN	TLS certificate errors will be ignored for this session
1624037810727	Marionette	WARN	Ignoring event 'pageshow' because document has an invalid readyState of 'interactive'.
JavaScript error: , line 0: NS_ERROR_NOT_AVAILABLE
ionette" "-foreground" "-no-remote" "-profile" "C:\\Users\\Mohsin\\AppData\\Local\\Temp\\rust_mozprofileMESCx2"
1624037665822	Marionette	INFO	Marionette enabled
[GFX1-]: RcANGLE(no compositor window)
[GFX1-]: Failed to connect WebRenderBridgeChild.
[GFX1-]: Fallback WR to SW-WR
[GFX1-]: [D3D11] create swap chain failed: 0x887a0022, 0
[GFX1-]: Failed to initialize CompositorD3D11 for SWGL: FEATURE_FAILURE_D3D11_SWAP_CHAIN
console.warn: SearchSettings: "get: No settings file exists, new profile?" (new NotFoundError("Could not open the file at C:\\Users\\Mohsin\\AppData\\Local\\Temp\\rust_mozprofileMESCx2\\search.json.mozlz4", (void 0)))
[GFX1-]: [D3D11] create swap chain failed: 0x887a0022, 0
[GFX1-]: Failed to initialize CompositorD3D11 for SWGL: FEATURE_FAILURE_D3D11_SWAP_CHAIN
1624037670311	Marionette	INFO	Listening on port 59435
1624037670821	Marionette	WARN	TLS certificate errors will be ignored for this session
console.error: Region.jsm: "Error fetching region" (new Error("TIMEOUT", "resource://gre/modules/Region.jsm", 772))
console.error: Region.jsm: "Failed to fetch region" (new Error("TIMEOUT", "resource://gre/modules/Region.jsm", 419))
console.error: services.settings: 
  main/partitioning-exempt-urls Signature failed  TypeError: NetworkError when attempting to fetch resource.
JavaScript error: , line 0: NS_ERROR_NOT_AVAILABLE

###!!! [Parent][MessageChannel] Error: (msgtype=0x59000D,name=PHttpBackgroundChannel::Msg___delete__) Channel error: cannot send/recv


###!!! [Parent][MessageChannel] Error: (msgtype=0x59000D,name=PHttpBackgroundChannel::Msg___delete__) Channel error: cannot send/recv

[Parent 1468, IPC I/O Parent] WARNING: file /builds/worker/checkouts/gecko/ipc/chromium/src/base/process_util_win.cc:167
[Parent 1468, IPC I/O Parent] WARNING: file /builds/worker/checkouts/gecko/ipc/chromium/src/base/process_util_win.cc:167
[GFX1-]: [D3D11] create swap chain failed: 0x887a0022, 0
[GFX1-]: Failed to initialize CompositorD3D11 for SWGL: FEATURE_FAILURE_D3D11_SWAP_CHAIN
JavaScript error: http://testleads.malharinfoway.com/public/assets/plugins/datatables/jquery.dataTables.min.js, line 36: TypeError: b is undefined
JavaScript error: http://testleads.malharinfoway.com/public/assets/plugins/datatables/jquery.dataTables.min.js, line 36: TypeError: b is undefined
JavaScript error: http://testleads.malharinfoway.com/public/assets/plugins/datatables/jquery.dataTables.min.js, line 36: TypeError: b is undefined
JavaScript error: http://testleads.malharinfoway.com/public/assets/plugins/datatables/jquery.dataTables.min.js, line 36: TypeError: b is undefined
JavaScript error: http://testleads.malharinfoway.com/public/assets/plugins/datatables/jquery.dataTables.min.js, line 36: TypeError: b is undefined
 WARNING: pipe error: 232: file /builds/worker/checkouts/gecko/ipc/chromium/src/chrome/common/ipc_channel_win.cc:544
[Parent 7960, IPC I/O Parent] WARNING: file /builds/worker/checkouts/gecko/ipc/chromium/src/base/process_util_win.cc:167
[Parent 7960, IPC I/O Parent] WARNING: file /builds/worker/checkouts/gecko/ipc/chromium/src/base/process_util_win.cc:167
[GFX1-]: [D3D11] create swap chain failed: 0x887a0022, 0
[GFX1-]: Failed to initialize CompositorD3D11 for SWGL: FEATURE_FAILURE_D3D11_SWAP_CHAIN
JavaScript error: http://testleads.malharinfoway.com/public/assets/plugins/datatables/jquery.dataTables.min.js, line 36: TypeError: b is undefined
1624039541800	Marionette	WARN	Ignoring event 'DOMContentLoaded' because document has an invalid readyState of 'complete'.
JavaScript error: http://testleads.malharinfoway.com/public/assets/plugins/datatables/jquery.dataTables.min.js, line 36: TypeError: b is undefined
1624039600697	Marionette	WARN	Ignoring event 'pageshow' because document has an invalid readyState of 'interactive'.
console.error: Region.jsm: "Error fetching region" (new Error("TIMEOUT", "resource://gre/modules/Region.jsm", 772))
console.error: Region.jsm: "Failed to fetch region" (new Error("TIMEOUT", "resource://gre/modules/Region.jsm", 419))
1624098510994	geckodriver	INFO	Listening on 127.0.0.1:63080
1624098514138	mozrunner::runner	INFO	Running command: "C:\\Program Files\\Mozilla Firefox\\firefox.exe" "--marionette" "-foreground" "-no-remote" "-profile" "C:\\Users\\Mohsin\\AppData\\Local\\Temp\\rust_mozprofileAqanhB"
1624098536968	Marionette	INFO	Marionette enabled
console.warn: SearchSettings: "get: No settings file exists, new profile?" (new NotFoundError("Could not open the file at C:\\Users\\Mohsin\\AppData\\Local\\Temp\\rust_mozprofileAqanhB\\search.json.mozlz4", (void 0)))
console.error: Region.jsm: "Error fetching region" (new Error("TIMEOUT", "resource://gre/modules/Region.jsm", 772))
console.error: Region.jsm: "Failed to fetch region" (new Error("TIMEOUT", "resource://gre/modules/Region.jsm", 419))
1624098586071	Marionette	INFO	Listening on port 63091
JavaScript error: resource://gre/modules/UrlClassifierListManager.jsm, line 691: TypeError: this.tablesData[table] is undefined
1624098594785	Marionette	INFO	Stopped listening on port 63091624098597165	mozrunner::runner	INFO	Running command: "C:\\Program Files\\Mozilla Firefox\\firefox.exe" "--marionette" "-foreground" "-no-remote" "-profile" "C:\\Users\\Mohsin\\AppData\\Local\\Temp\\rust_mozprofileffYBGh"
1624098599305	Marionette	INFO	Marionette enabled
console.warn: SearchSettings: "get: No settings file exists, new profile?" (new NotFoundError("Could not open the file at C:\\Users\\Mohsin\\AppData\\Local\\Temp\\rust_mozprofileffYBGh\\search.json.mozlz4", (void 0)))
1624098607566	Marionette	INFO	Listening on port 63152
console.error: Region.jsm: "Error fetching region" (new Error("TIMEOUT", "resource://gre/modules/Region.jsm", 772))
console.error: Region.jsm: "Failed to fetch region" (new Error("TIMEOUT", "resource://gre/modules/Region.jsm", 419))
1624098610522	Marionette	WARN	TLS certificate errors will be ignored for this session
1624098627779	Marionette	WARN	TimedPromise timed out after 500 ms: stacktrace:
TimedPromise/<@chrome://marionette/content/sync.js:237:19
TimedPromise@chrome://marionette/content/sync.js:222:10
interaction.flushEventLoop@chrome://marionette/content/interaction.js:431:10
webdriverClickElement@chrome://marionette/content/interaction.js:179:31
1624098668423	Marionette	INFO	Stopped listening on port 63152
1624098692797	geckodriver	INFO	Listening on 127.0.0.1:61846
1624098695828	mozrunner::runner	INFO	Running command: "C:\\Program Files\\Mozilla Firefox\\firefox.exe" "--marionette" "-foreground" "-no-remote" "-profile" "C:\\Users\\Mohsin\\AppData\\Local\\Temp\\rust_mozprofilePMgiG3"
1624098697439	Marionette	INFO	Marionette enabled
console.warn: SearchSettings: "get: No settings file exists, new profile?" (new NotFoundError("Could not open the file at C:\\Users\\Mohsin\\AppData\\Local\\Temp\\rust_mozprofilePMgiG3\\search.json.mozlz4", (void 0)))
1624098704741	Marionette	INFO	Listening on port 61855
1624098705923	Marionette	WARN	TLS certificate errors will be ignored for this session
1624098765372	geckodriver	INFO	Listening on 127.0.0.1:57137
1624098768396	mozrunner::runner	INFO	Running command: "C:\\Program Files\\Mozilla Firefox\\firefox.exe" "--marionette" "-foreground" "-no-remote" "-profile" "C:\\Users\\Mohsin\\AppData\\Local\\Temp\\rust_mozprofileiPjH5J"
1624098769328	Marionette	INFO	Marionette enabled
console.warn: SearchSettings: "get: No settings file exists, new profile?" (new NotFoundError("Could not open the file at C:\\Users\\Mohsin\\AppData\\Local\\Temp\\rust_mozprofileiPjH5J\\search.json.mozlz4", (void 0)))
1624098777053	Marionette	INFO	Listening on port 57149
1624098778417	Marionette	WARN	TLS certificate errors will be ignored for this session
console.warn: services.settings: main/cfr sync interrupted by shutdown
[Parent 11936, IPC I/O Parent] WARNING: file /builds/worker/checkouts/gecko/ipc/chromium/src/base/process_util_win.cc:167
1624098784081	Marionette	INFO	Stopped listening on port 57149
1624098991148	geckodriver	INFO	Listening on 127.0.0.1:56698
1624098994201	mozrunner::runner	INFO	Running command: "C:\\Program Files\\Mozilla Firefox\\firefox.exe" "--marionette" "-foreground" "-no-remote" "-profile" "C:\\Users\\Mohsin\\AppData\\Local\\Temp\\rust_mozprofilehFNqxg"
1624098995060	Marionette	INFO	Marionette enabled
console.warn: SearchSettings: "get: No settings file exists, new profile?" (new NotFoundError("Could not open the file at C:\\Users\\Mohsin\\AppData\\Local\\Temp\\rust_mozprofilehFNqxg\\search.json.mozlz4", (void 0)))
1624098999877	Marionette	INFO	Listening on port 56707
1624099000709	Marionette	WARN	TLS certificate errors will be ignored for this session
JavaScript error: resource://gre/modules/AsyncShutdown.jsm, line 575: NotFoundError: No such JSWindowActor 'MarionetteEvents'
JavaScript error: resource://gre/modules/AsyncShutdown.jsm, line 575: NotFoundError: No such JSWindowActor 'MarionetteEvents'
1624099006500	Marionette	INFO	Stopped listening on port 56707
1624099082086	geckodriver	INFO	Listening on 127.0.0.1:56826
1624099085161	mozrunner::runner	INFO	Running command: "C:\\Program Files\\Mozilla Firefox\\firefox.exe" "--marionette" "-foreground" "-no-remote" "-profile" "C:\\Users\\Mohsin\\AppData\\Local\\Temp\\rust_mozprofileXtYG7y"
1624099085854	Marionette	INFO	Marionette enabled
console.warn: SearchSettings: "get: No settings file exists, new profile?" (new NotFoundError("Could not open the file at C:\\Users\\Mohsin\\AppData\\Local\\Temp\\rust_mozprofileXtYG7y\\search.json.mozlz4", (void 0)))
1624099091410	Marionette	INFO	Listening on port 56835
1624099092175	Marionette	WARN	TLS certificate errors will be ignored for this session
1624099130746	Marionette	INFO	Stopped listening on port 56835
1624099629389	geckodriver	INFO	Listening on 127.0.0.1:51365
1624099632432	mozrunner::runner	INFO	Running command: "C:\\Program Files\\Mozilla Firefox\\firefox.exe" "--marionette" "-foreground" "-no-remote" "-profile" "C:\\Users\\Mohsin\\AppData\\Local\\Temp\\rust_mozprofileseFcvK"
1624099633574	Marionette	INFO	Marionette enabled
console.warn: SearchSettings: "get: No settings file exists, new profile?" (new NotFoundError("Could not open the file at C:\\Users\\Mohsin\\AppData\\Local\\Temp\\rust_mozprofileseFcvK\\search.json.mozlz4", (void 0)))
1624099638890	Marionette	INFO	Listening on port 51374
1624099639822	Marionette	WARN	TLS certificate errors will be ignored for this session
JavaScript error: resource://gre/modules/UrlClassifierListManager.jsm, line 691: TypeError: this.tablesData[table] is undefined
1624099648726	Marionette	INFO	Stopped listening on port 51374
1624386573017	geckodriver	INFO	Listening on 127.0.0.1:62227
1624386576079	mozrunner::runner	INFO	Running command: "C:\\Program Files\\Mozilla Firefox\\firefox.exe" "--marionette" "-foreground" "-no-remote" "-profile" "C:\\Users\\Mohsin\\AppData\\Local\\Temp\\rust_mozprofileaGYXSb"
1624386576770	Marionette	INFO	Marionette enabled
console.warn: SearchSettings: "get: No settings file exists, new profile?" (new NotFoundError("Could not open the file at C:\\Users\\Mohsin\\AppData\\Local\\Temp\\rust_mozprofileaGYXSb\\search.json.mozlz4", (void 0)))
1624386610216	geckodriver	INFO	Listening on 127.0.0.1:62260
1624386613325	mozrunner::runner	INFO	Running command: "C:\\Program Files\\Mozilla Firefox\\firefox.exe" "--marionette" "-foreground" "-no-remote" "-profile" "C:\\Users\\Mohsin\\AppData\\Local\\Temp\\rust_mozprofilegko7tc"
1624386614172	Marionette	INFO	Marionette enabled
console.warn: SearchSettings: "get: No settings file exists, new profile?" (new NotFoundError("Could not open the file at C:\\Users\\Mohsin\\AppData\\Local\\Temp\\rust_mozprofilegko7tc\\search.json.mozlz4", (void 0)))
1624386619026	Marionette	INFO	Listening on port 62268
1624386619071	Marionette	WARN	TLS certificate errors will be ignored for this session
1624387321491	geckodriver	INFO	Listening on 127.0.0.1:59929
1624387324615	mozrunner::runner	INFO	Running command: "C:\\Program Files\\Mozilla Firefox\\firefox.exe" "--marionette" "-foreground" "-no-remote" "-profile" "C:\\Users\\Mohsin\\AppData\\Local\\Temp\\rust_mozprofileMxuitc"
1624387325399	Marionette	INFO	Marionette enabled
console.warn: SearchSettings: "get: No settings file exists, new profile?" (new NotFoundError("Could not open the file at C:\\Users\\Mohsin\\AppData\\Local\\Temp\\rust_mozprofileMxuitc\\search.json.mozlz4", (void 0)))
1624387331237	Marionette	INFO	Listening on port 59937
1624387331359	Marionette	WARN	TLS certificate errors will be ignored for this session
1624387601203	Marionette	INFO	Stopped listening on port 59937
4387479506	mozrunner::runner	INFO	Running command: "C:\\Program Files\\Mozilla Firefox\\firefox.exe" "--marionette" "-foreground" "-no-remote" "-profile" "C:\\Users\\Mohsin\\AppData\\Local\\Temp\\rust_mozprofileJ1oXH4"
1624387480237	Marionette	INFO	Marionette enabled
1624387596807	geckodriver	INFO	Listening on 127.0.0.1:63536
1624387599846	mozrunner::runner	INFO	Running command: "C:\\Program Files\\Mozilla Firefox\\firefox.exe" "--marionette" "-foreground" "-no-remote" "-profile" "C:\\Users\\Mohsin\\AppData\\Local\\Temp\\rust_mozprofilecVZ2RD"
1624387600777	Marionette	INFO	Marionette enabled
1624387605534	geckodriver	INFO	Listening on 127.0.0.1:63552
1624387608551	mozrunner::runner	INFO	Running command: "C:\\Program Files\\Mozilla Firefox\\firefox.exe" "--marionette" "-foreground" "-no-remote" "-profile" "C:\\Users\\Mohsin\\AppData\\Local\\Temp\\rust_mozprofileNMWT92"
1624387609214	Marionette	INFO	Marionette enabled
console.warn: SearchSettings: "get: No settings file exists, new profile?" (new NotFoundError("Could not open the file at C:\\Users\\Mohsin\\AppData\\Local\\Temp\\rust_mozprofileNMWT92\\search.json.mozlz4", (void 0)))
1624387614314	Marionette	INFO	Listening on port 63560
1624387615358	Marionette	WARN	TLS certificate errors will be ignored for this session
1624388070510	geckodriver	INFO	Listening on 127.0.0.1:62398
1624388073560	mozrunner::runner	INFO	Running command: "C:\\Program Files\\Mozilla Firefox\\firefox.exe" "--marionette" "-foreground" "-no-remote" "-profile" "C:\\Users\\Mohsin\\AppData\\Local\\Temp\\rust_mozprofileoV8f6D"
1624388074269	Marionette	INFO	Marionette enabled
console.warn: SearchSettings: "get: No settings file exists, new profile?" (new NotFoundError("Could not open the file at C:\\Users\\Mohsin\\AppData\\Local\\Temp\\rust_mozprofileoV8f6D\\search.json.mozlz4", (void 0)))
1624388080187	Marionette	INFO	Listening on port 62406
1624388080961	Marionette	WARN	TLS certificate errors will be ignored for this session

###!!! [Child][MessageChannel] Error: (msgtype=0x390118,name=PContent::Msg_RecordDiscardedData) Channel closing: too late to send/recv, messages will be lost

1624388085766	Marionette	WARN	TimedPromise timed out after 500 ms: stacktrace:
TimedPromise/<@chrome://marionette/content/sync.js:237:19
TimedPromise@chrome://marionette/content/sync.js:222:10
interaction.flushEventLoop@chrome://marionette/content/interaction.js:431:10
webdriverClickElement@chrome://marionette/content/interaction.js:179:31
1624388101568	Marionette	WARN	TimedPromise timed out after 500 ms: stacktrace:
TimedPromise/<@chrome://marionette/content/sync.js:237:19
TimedPromise@chrome://marionette/content/sync.js:222:10
interaction.flushEventLoop@chrome://marionette/content/interaction.js:431:10
webdriverClickElement@chrome://marionette/content/interaction.js:179:31
